1652880902189	geckodriver	INFO	Listening on 127.0.0.1:61008
1652880905266	mozrunner::runner	INFO	Running command: "C:\\Program Files\\Mozilla Firefox\\firefox.exe" "--marionette" "--remote-debugging-port" "61009" "--remote-allow-hosts" "localhost" "-no-remote" "-profile" "C:\\Users\\alica\\AppData\\Local\\Temp\\rust_mozprofileQAGP2w"
1652880906974	Marionette	INFO	Marionette enabled
console.warn: SearchSettings: "get: No settings file exists, new profile?" (new Error("", "(unknown module)"))
DevTools listening on ws://localhost:61009/devtools/browser/8eaa0e51-51b5-4b1d-b1bc-4b0f35fc6bb6
1652880910774	Marionette	INFO	Listening on port 61014
1652880911169	Marionette	WARN	TLS certificate errors will be ignored for this session
1652880930914	Marionette	INFO	Stopped listening on port 61014
JavaScript error: , line 0: uncaught exception: undefined
!!! error running onStopped callback: TypeError: callback is not a function
1652880931655	RemoteAgent	ERROR	unable to stop listener: [Exception... "Component returned failure code: 0x8000ffff (NS_ERROR_UNEXPECTED) [nsIWindowMediator.getEnumerator]"  nsresult: "0x8000ffff (NS_ERROR_UNEXPECTED)"  location: "JS frame :: chrome://remote/content/cdp/observers/TargetObserver.jsm :: stop :: line 64"  data: no] Stack trace: stop()@TargetObserver.jsm:64
unwatchForTabs()@TargetList.jsm:70
unwatchForTargets()@TargetList.jsm:37
destructor()@TargetList.jsm:109
close()@RemoteAgent.jsm:136
1659437578557	geckodriver	INFO	Listening on 127.0.0.1:55828
1659437581629	mozrunner::runner	INFO	Running command: "C:\\Program Files\\Mozilla Firefox\\firefox.exe" "--marionette" "--remote-debugging-port" "55829" "--remote-allow-hosts" "localhost" "-no-remote" "-profile" "C:\\Users\\alica\\AppData\\Local\\Temp\\rust_mozprofileCkEXWT"
1659437582804	Marionette	INFO	Marionette enabled
console.warn: SearchSettings: "get: No settings file exists, new profile?" (new Error("", "(unknown module)"))
DevTools listening on ws://localhost:55829/devtools/browser/a6abde3d-c4c6-44e5-ba0f-d6beca255678
1659437585798	Marionette	INFO	Listening on port 55834
1659437585860	Marionette	WARN	TLS certificate errors will be ignored for this session
console.error: Region.jsm: "Error fetching region" (new Error("TIMEOUT", "resource://gre/modules/Region.jsm", 772))
console.error: Region.jsm: "Failed to fetch region" (new Error("TIMEOUT", "resource://gre/modules/Region.jsm", 419))
1659437634514	Marionette	INFO	Stopped listening on port 55834
!!! error running onStopped callback: TypeError: callback is not a function
JavaScript error: , line 0: TypeError: NetworkError when attempting to fetch resource.
JavaScript error: resource://gre/modules/Sqlite.jsm, line 1030: Error: Sqlite.jsm has been shutdown. Cannot open connection to: C:\Users\alica\AppData\Local\Temp\rust_mozprofileCkEXWT\protections.sqlite

###!!! [Child][RunMessage] Error: Channel closing: too late to send/recv, messages will be lost

1659437635515	RemoteAgent	ERROR	unable to stop listener: [Exception... "Component returned failure code: 0x8000ffff (NS_ERROR_UNEXPECTED) [nsIWindowMediator.getEnumerator]"  nsresult: "0x8000ffff (NS_ERROR_UNEXPECTED)"  location: "JS frame :: chrome://remote/content/cdp/observers/TargetObserver.jsm :: stop :: line 64"  data: no] Stack trace: stop()@TargetObserver.jsm:64
unwatchForTabs()@TargetList.jsm:70
unwatchForTargets()@TargetList.jsm:37
destructor()@TargetList.jsm:109
close()@RemoteAgent.jsm:136
1659437868406	geckodriver	INFO	Listening on 127.0.0.1:56122
1659437871466	mozrunner::runner	INFO	Running command: "C:\\Program Files\\Mozilla Firefox\\firefox.exe" "--marionette" "--remote-debugging-port" "56123" "--remote-allow-hosts" "localhost" "-no-remote" "-profile" "C:\\Users\\alica\\AppData\\Local\\Temp\\rust_mozprofileor9p5r"
1659437872150	Marionette	INFO	Marionette enabled
console.warn: SearchSettings: "get: No settings file exists, new profile?" (new Error("", "(unknown module)"))
DevTools listening on ws://localhost:56123/devtools/browser/6e9ef53c-536f-4bca-8bb8-73ba066c971a
1659437874525	Marionette	INFO	Listening on port 56128
1659437874670	Marionette	WARN	TLS certificate errors will be ignored for this session
JavaScript error: https://cdn.ad.plus/player/adplus.js, line 400: TypeError: e(...).setup is not a function
1659437916281	Marionette	INFO	Stopped listening on port 56128
!!! error running onStopped callback: TypeError: callback is not a function
JavaScript error: , line 0: TypeError: NetworkError when attempting to fetch resource.
JavaScript error: resource://gre/modules/Sqlite.jsm, line 1030: Error: Sqlite.jsm has been shutdown. Cannot open connection to: C:\Users\alica\AppData\Local\Temp\rust_mozprofileor9p5r\protections.sqlite

###!!! [Child][RunMessage] Error: Channel closing: too late to send/recv, messages will be lost

1659437917678	RemoteAgent	ERROR	unable to stop listener: [Exception... "Component returned failure code: 0x8000ffff (NS_ERROR_UNEXPECTED) [nsIWindowMediator.getEnumerator]"  nsresult: "0x8000ffff (NS_ERROR_UNEXPECTED)"  location: "JS frame :: chrome://remote/content/cdp/observers/TargetObserver.jsm :: stop :: line 64"  data: no] Stack trace: stop()@TargetObserver.jsm:64
unwatchForTabs()@TargetList.jsm:70
unwatchForTargets()@TargetList.jsm:37
destructor()@TargetList.jsm:109
close()@RemoteAgent.jsm:136
